[ 2017-11-06T09:06:07+08:00 ] 127.0.0.1 /web/h_shop/admin.php?c=Admin
INFO: [ app_begin ] --START--
INFO: Run Behavior\ReadHtmlCache [ RunTime:0.001640s ]
INFO: [ app_begin ] --END-- [ RunTime:0.002785s ]
INFO: [ view_parse ] --START--
INFO: [ template_filter ] --START--
INFO: Run Behavior\ContentReplace [ RunTime:0.000199s ]
INFO: [ template_filter ] --END-- [ RunTime:0.000511s ]
NOTIC: [8] Undefined index: logintype D:\WindowsFile\WebServer\www\web\h_shop\Admin\Runtime\Cache\Home\c26b57a04f9af6d7b3ea471b0c73dfe4.php 第 61 行.
NOTIC: [8] Undefined index: nmt_groupname D:\WindowsFile\WebServer\www\web\h_shop\Admin\Runtime\Cache\Home\c26b57a04f9af6d7b3ea471b0c73dfe4.php 第 98 行.
NOTIC: [8] Undefined index: nmt_admin D:\WindowsFile\WebServer\www\web\h_shop\Admin\Runtime\Cache\Home\c26b57a04f9af6d7b3ea471b0c73dfe4.php 第 98 行.
NOTIC: [8] Undefined index: logintype D:\WindowsFile\WebServer\www\web\h_shop\Admin\Runtime\Cache\Home\c26b57a04f9af6d7b3ea471b0c73dfe4.php 第 121 行.
INFO: Run Behavior\ParseTemplate [ RunTime:0.144058s ]
INFO: [ view_parse ] --END-- [ RunTime:0.144363s ]
INFO: [ view_filter ] --START--
INFO: Run Behavior\WriteHtmlCache [ RunTime:0.024000s ]
INFO: [ view_filter ] --END-- [ RunTime:0.024321s ]
INFO: [ app_end ] --START--
INFO: Run Behavior\ShowPageTrace [ RunTime:0.010773s ]
INFO: [ app_end ] --END-- [ RunTime:0.011082s ]

[ 2017-11-06T09:06:07+08:00 ] 127.0.0.1 /web/h_shop/admin.php?c=Index&a=index
INFO: [ app_begin ] --START--
INFO: Run Behavior\ReadHtmlCache [ RunTime:0.001544s ]
INFO: [ app_begin ] --END-- [ RunTime:0.002417s ]
ERR: 系统不支持:mysql

